<?xml version="1.0" encoding="UTF-8"?>
<testsuite name="ru.netology.PatternsTest" tests="3" skipped="0" failures="0" errors="0" timestamp="2021-02-16T16:22:36" hostname="DESKTOP-M5FO4BD" time="8.048">
  <properties/>
  <testcase name="shouldGiveNewDateWhenSameRequest()" classname="ru.netology.PatternsTest" time="4.779"/>
  <testcase name="shouldSubmitRequest()" classname="ru.netology.PatternsTest" time="1.194"/>
  <testcase name="shouldNotGiveNewDateWhenInvalidDate()" classname="ru.netology.PatternsTest" time="2.046"/>
  <system-out><![CDATA[]]></system-out>
  <system-err><![CDATA[[Test worker] INFO com.codeborne.selenide.impl.WebDriverThreadLocalContainer - No webdriver is bound to current thread: 23 - let's create a new webdriver
[Test worker] INFO io.github.bonigarcia.wdm.WebDriverManager - Using chromedriver 88.0.4324.96 (since Google Chrome 88 is installed in your machine)
[Test worker] INFO io.github.bonigarcia.wdm.WebDriverManager - Exporting webdriver.chrome.driver as C:\Users\OMV\.m2\repository\webdriver\chromedriver\win32\88.0.4324.96\chromedriver.exe
Starting ChromeDriver 88.0.4324.96 (68dba2d8a0b149a1d3afac56fa74648032bcf46b-refs/branch-heads/4324@{#1784}) on port 47488
Only local connections are allowed.
Please see https://chromedriver.chromium.org/security-considerations for suggestions on keeping ChromeDriver safe.
ChromeDriver was started successfully.
февр. 16, 2021 7:22:38 PM org.openqa.selenium.remote.ProtocolHandshake createSession
INFO: Detected dialect: W3C
[Test worker] INFO com.codeborne.selenide.webdriver.BrowserResizer - Set browser size to 1366x768
[Test worker] INFO com.codeborne.selenide.webdriver.WebDriverFactory - BrowserName=chrome Version=88.0.4324.150 Platform=WINDOWS
[Test worker] INFO com.codeborne.selenide.webdriver.WebDriverFactory - Selenide v. 5.11.0
[Test worker] INFO com.codeborne.selenide.webdriver.WebDriverFactory - Selenium WebDriver v. 3.141.59 build time: 2018-11-14T08:17:03
[Test worker] INFO com.codeborne.selenide.drivercommands.CreateDriverCommand - Create webdriver in current thread 23: ChromeDriver -> ChromeDriver: chrome on WINDOWS (5bb559162c112d4605ae6b38016854f4)
]]></system-err>
</testsuite>
